2026/05/06 14:08:44 - mmengine - INFO - 
------------------------------------------------------------
System environment:
    sys.platform: linux
    Python: 3.8.20 (default, Oct  3 2024, 15:24:27) [GCC 11.2.0]
    CUDA available: True
    MUSA available: False
    numpy_random_seed: 1419681482
    GPU 0,1,2,3: Tesla V100-SXM2-32GB
    CUDA_HOME: /usr/local/cuda-12.4
    NVCC: Cuda compilation tools, release 12.4, V12.4.99
    GCC: gcc (Ubuntu 11.4.0-1ubuntu1~22.04) 11.4.0
    PyTorch: 2.1.0+cu121
    PyTorch compiling details: PyTorch built with:
  - GCC 9.3
  - C++ Version: 201703
  - Intel(R) oneAPI Math Kernel Library Version 2022.2-Product Build 20220804 for Intel(R) 64 architecture applications
  - Intel(R) MKL-DNN v3.1.1 (Git Hash 64f6bcbcbab628e96f33a62c3e975f8535a7bde4)
  - OpenMP 201511 (a.k.a. OpenMP 4.5)
  - LAPACK is enabled (usually provided by MKL)
  - NNPACK is enabled
  - CPU capability usage: AVX512
  - CUDA Runtime 12.1
  - NVCC architecture flags: -gencode;arch=compute_50,code=sm_50;-gencode;arch=compute_60,code=sm_60;-gencode;arch=compute_70,code=sm_70;-gencode;arch=compute_75,code=sm_75;-gencode;arch=compute_80,code=sm_80;-gencode;arch=compute_86,code=sm_86;-gencode;arch=compute_90,code=sm_90
  - CuDNN 8.9.2
  - Magma 2.6.1
  - Build settings: BLAS_INFO=mkl, BUILD_TYPE=Release, CUDA_VERSION=12.1, CUDNN_VERSION=8.9.2, CXX_COMPILER=/opt/rh/devtoolset-9/root/usr/bin/c++, CXX_FLAGS= -D_GLIBCXX_USE_CXX11_ABI=0 -fabi-version=11 -fvisibility-inlines-hidden -DUSE_PTHREADPOOL -DNDEBUG -DUSE_KINETO -DLIBKINETO_NOROCTRACER -DUSE_FBGEMM -DUSE_QNNPACK -DUSE_PYTORCH_QNNPACK -DUSE_XNNPACK -DSYMBOLICATE_MOBILE_DEBUG_HANDLE -O2 -fPIC -Wall -Wextra -Werror=return-type -Werror=non-virtual-dtor -Werror=bool-operation -Wnarrowing -Wno-missing-field-initializers -Wno-type-limits -Wno-array-bounds -Wno-unknown-pragmas -Wno-unused-parameter -Wno-unused-function -Wno-unused-result -Wno-strict-overflow -Wno-strict-aliasing -Wno-stringop-overflow -Wno-psabi -Wno-error=pedantic -Wno-error=old-style-cast -Wno-invalid-partial-specialization -Wno-unused-private-field -Wno-aligned-allocation-unavailable -Wno-missing-braces -fdiagnostics-color=always -faligned-new -Wno-unused-but-set-variable -Wno-maybe-uninitialized -fno-math-errno -fno-trapping-math -Werror=format -Werror=cast-function-type -Wno-stringop-overflow, LAPACK_INFO=mkl, PERF_WITH_AVX=1, PERF_WITH_AVX2=1, PERF_WITH_AVX512=1, TORCH_DISABLE_GPU_ASSERTS=ON, TORCH_VERSION=2.1.0, USE_CUDA=ON, USE_CUDNN=ON, USE_EXCEPTION_PTR=1, USE_GFLAGS=OFF, USE_GLOG=OFF, USE_MKL=ON, USE_MKLDNN=ON, USE_MPI=OFF, USE_NCCL=1, USE_NNPACK=ON, USE_OPENMP=ON, USE_ROCM=OFF, 

    TorchVision: 0.16.0+cu121
    OpenCV: 4.13.0
    MMEngine: 0.10.7

Runtime environment:
    cudnn_benchmark: True
    mp_cfg: {'mp_start_method': 'fork', 'opencv_num_threads': 0}
    dist_cfg: {'backend': 'nccl'}
    seed: 1419681482
    Distributed launcher: pytorch
    Distributed training: True
    GPU number: 4
------------------------------------------------------------

2026/05/06 14:08:44 - mmengine - INFO - Config:
auto_scale_lr = dict(base_batch_size=16, enable=False)
crop_size = (
    512,
    512,
)
data_preprocessor = dict(
    bgr_to_rgb=True,
    mean=[
        123.675,
        116.28,
        103.53,
    ],
    pad_val=0,
    seg_pad_val=255,
    size=(
        512,
        512,
    ),
    std=[
        58.395,
        57.12,
        57.375,
    ],
    type='SegDataPreProcessor')
data_root = 'dataset/ADE20K/ADEChallengeData2016'
dataset_type = 'ADE20KDataset'
default_hooks = dict(
    checkpoint=dict(by_epoch=False, interval=16000, type='CheckpointHook'),
    logger=dict(interval=50, log_metric_by_epoch=False, type='LoggerHook'),
    param_scheduler=dict(type='ParamSchedulerHook'),
    sampler_seed=dict(type='DistSamplerSeedHook'),
    timer=dict(type='IterTimerHook'),
    visualization=dict(type='SegVisualizationHook'))
default_scope = 'mmseg'
env_cfg = dict(
    cudnn_benchmark=True,
    dist_cfg=dict(backend='nccl'),
    mp_cfg=dict(mp_start_method='fork', opencv_num_threads=0))
img_ratios = [
    0.5,
    0.75,
    1.0,
    1.25,
    1.5,
    1.75,
]
launcher = 'pytorch'
load_from = 'work_dirs/f2hnet_base_inik_upernet_160k_ade20k_512x512/iter_160000.pth'
log_level = 'INFO'
log_processor = dict(by_epoch=False)
model = dict(
    module=dict(
        auxiliary_head=dict(
            align_corners=False,
            channels=256,
            concat_input=False,
            dropout_ratio=0.1,
            in_channels=384,
            in_index=2,
            loss_decode=dict(
                loss_weight=0.4, type='CrossEntropyLoss', use_sigmoid=False),
            norm_cfg=dict(requires_grad=True, type='SyncBN'),
            num_classes=150,
            num_convs=1,
            type='FCNHead'),
        backbone=dict(
            attn_drop=0.0,
            depths=[
                3,
                12,
                24,
                4,
            ],
            dilation=(
                8,
                4,
                1,
                1,
            ),
            dims=[
                96,
                192,
                384,
                768,
            ],
            drop_path_rate=0.5,
            frozen_stages=-1,
            in_dim=3,
            init_cfg=dict(checkpoint='', type='Pretrained'),
            kernel_sizes=(
                3,
                3,
                3,
                3,
            ),
            layer_scale=(
                None,
                None,
                1.0,
                1.0,
            ),
            mlp_drop=0.0,
            mlp_ratio=(
                4,
                4,
                4,
                4,
            ),
            num_heads=(
                3,
                6,
                12,
                24,
            ),
            out_indices=[
                0,
                1,
                2,
                3,
            ],
            patch_size=4,
            pretrained_img_size=224,
            proj_drop=0.0,
            qk_scale=None,
            qkv_bias=True,
            rpe=True,
            seq_size=(
                7,
                7,
                14,
                7,
            ),
            type='F2hNet',
            with_cp=False),
        data_preprocessor=dict(
            bgr_to_rgb=True,
            mean=[
                123.675,
                116.28,
                103.53,
            ],
            pad_val=0,
            seg_pad_val=255,
            size=(
                512,
                512,
            ),
            std=[
                58.395,
                57.12,
                57.375,
            ],
            type='SegDataPreProcessor'),
        decode_head=dict(
            align_corners=False,
            channels=512,
            dropout_ratio=0.1,
            in_channels=[
                96,
                192,
                384,
                768,
            ],
            in_index=[
                0,
                1,
                2,
                3,
            ],
            loss_decode=dict(
                loss_weight=1.0, type='CrossEntropyLoss', use_sigmoid=False),
            norm_cfg=dict(requires_grad=True, type='SyncBN'),
            num_classes=150,
            pool_scales=(
                1,
                2,
                3,
                6,
            ),
            type='UPerHead'),
        test_cfg=dict(mode='whole'),
        train_cfg=dict(),
        type='EncoderDecoder'),
    type='SegTTAModel')
norm_cfg = dict(requires_grad=True, type='SyncBN')
optim_wrapper = dict(
    optimizer=dict(
        betas=(
            0.9,
            0.999,
        ), lr=6e-05, type='AdamW', weight_decay=0.01),
    paramwise_cfg=dict(
        custom_keys=dict(
            norm=dict(decay_mult=0.0),
            relative_position_bias_table=dict(decay_mult=0.0))),
    type='OptimWrapper')
optimizer = dict(lr=0.01, momentum=0.9, type='SGD', weight_decay=0.0005)
param_scheduler = [
    dict(
        begin=0, by_epoch=False, end=1500, start_factor=1e-06,
        type='LinearLR'),
    dict(
        begin=1500,
        by_epoch=False,
        end=160000,
        eta_min=0.0,
        power=1.0,
        type='PolyLR'),
]
resume = False
test_cfg = dict(type='TestLoop')
test_dataloader = dict(
    batch_size=1,
    dataset=dict(
        data_prefix=dict(
            img_path='images/validation',
            seg_map_path='annotations/validation'),
        data_root='dataset/ADE20K/ADEChallengeData2016',
        pipeline=[
            dict(backend_args=None, type='LoadImageFromFile'),
            dict(
                transforms=[
                    [
                        dict(keep_ratio=True, scale_factor=0.5, type='Resize'),
                        dict(
                            keep_ratio=True, scale_factor=0.75, type='Resize'),
                        dict(keep_ratio=True, scale_factor=1.0, type='Resize'),
                        dict(
                            keep_ratio=True, scale_factor=1.25, type='Resize'),
                        dict(keep_ratio=True, scale_factor=1.5, type='Resize'),
                        dict(
                            keep_ratio=True, scale_factor=1.75, type='Resize'),
                    ],
                    [
                        dict(
                            direction='horizontal',
                            prob=0.0,
                            type='RandomFlip'),
                        dict(
                            direction='horizontal',
                            prob=1.0,
                            type='RandomFlip'),
                    ],
                    [
                        dict(type='LoadAnnotations'),
                    ],
                    [
                        dict(type='PackSegInputs'),
                    ],
                ],
                type='TestTimeAug'),
        ],
        type='ADE20KDataset'),
    num_workers=2,
    persistent_workers=True,
    sampler=dict(shuffle=False, type='DefaultSampler'))
test_evaluator = dict(
    iou_metrics=[
        'mIoU',
    ], type='IoUMetric')
test_pipeline = [
    dict(type='LoadImageFromFile'),
    dict(keep_ratio=True, scale=(
        2048,
        512,
    ), type='Resize'),
    dict(reduce_zero_label=True, type='LoadAnnotations'),
    dict(type='PackSegInputs'),
]
train_cfg = dict(
    max_iters=160000, type='IterBasedTrainLoop', val_interval=16000)
train_dataloader = dict(
    batch_size=4,
    dataset=dict(
        data_prefix=dict(
            img_path='images/training', seg_map_path='annotations/training'),
        data_root='dataset/ADE20K/ADEChallengeData2016',
        pipeline=[
            dict(type='LoadImageFromFile'),
            dict(reduce_zero_label=True, type='LoadAnnotations'),
            dict(
                keep_ratio=True,
                ratio_range=(
                    0.5,
                    2.0,
                ),
                scale=(
                    2048,
                    512,
                ),
                type='RandomResize'),
            dict(
                cat_max_ratio=0.75, crop_size=(
                    512,
                    512,
                ), type='RandomCrop'),
            dict(prob=0.5, type='RandomFlip'),
            dict(type='PhotoMetricDistortion'),
            dict(type='PackSegInputs'),
        ],
        type='ADE20KDataset'),
    num_workers=4,
    persistent_workers=True,
    sampler=dict(shuffle=True, type='InfiniteSampler'))
train_pipeline = [
    dict(type='LoadImageFromFile'),
    dict(reduce_zero_label=True, type='LoadAnnotations'),
    dict(
        keep_ratio=True,
        ratio_range=(
            0.5,
            2.0,
        ),
        scale=(
            2048,
            512,
        ),
        type='RandomResize'),
    dict(cat_max_ratio=0.75, crop_size=(
        512,
        512,
    ), type='RandomCrop'),
    dict(prob=0.5, type='RandomFlip'),
    dict(type='PhotoMetricDistortion'),
    dict(type='PackSegInputs'),
]
tta_model = dict(
    module=dict(
        auxiliary_head=dict(
            align_corners=False,
            channels=256,
            concat_input=False,
            dropout_ratio=0.1,
            in_channels=384,
            in_index=2,
            loss_decode=dict(
                loss_weight=0.4, type='CrossEntropyLoss', use_sigmoid=False),
            norm_cfg=dict(requires_grad=True, type='SyncBN'),
            num_classes=150,
            num_convs=1,
            type='FCNHead'),
        backbone=dict(
            attn_drop=0.0,
            depths=[
                3,
                12,
                24,
                4,
            ],
            dilation=(
                8,
                4,
                1,
                1,
            ),
            dims=[
                96,
                192,
                384,
                768,
            ],
            drop_path_rate=0.5,
            frozen_stages=-1,
            in_dim=3,
            init_cfg=dict(checkpoint='', type='Pretrained'),
            kernel_sizes=(
                3,
                3,
                3,
                3,
            ),
            layer_scale=(
                None,
                None,
                1.0,
                1.0,
            ),
            mlp_drop=0.0,
            mlp_ratio=(
                4,
                4,
                4,
                4,
            ),
            num_heads=(
                3,
                6,
                12,
                24,
            ),
            out_indices=[
                0,
                1,
                2,
                3,
            ],
            patch_size=4,
            pretrained_img_size=224,
            proj_drop=0.0,
            qk_scale=None,
            qkv_bias=True,
            rpe=True,
            seq_size=(
                7,
                7,
                14,
                7,
            ),
            type='F2hNet',
            with_cp=False),
        data_preprocessor=dict(
            bgr_to_rgb=True,
            mean=[
                123.675,
                116.28,
                103.53,
            ],
            pad_val=0,
            seg_pad_val=255,
            size=(
                512,
                512,
            ),
            std=[
                58.395,
                57.12,
                57.375,
            ],
            type='SegDataPreProcessor'),
        decode_head=dict(
            align_corners=False,
            channels=512,
            dropout_ratio=0.1,
            in_channels=[
                96,
                192,
                384,
                768,
            ],
            in_index=[
                0,
                1,
                2,
                3,
            ],
            loss_decode=dict(
                loss_weight=1.0, type='CrossEntropyLoss', use_sigmoid=False),
            norm_cfg=dict(requires_grad=True, type='SyncBN'),
            num_classes=150,
            pool_scales=(
                1,
                2,
                3,
                6,
            ),
            type='UPerHead'),
        test_cfg=dict(mode='whole'),
        train_cfg=dict(),
        type='EncoderDecoder'),
    type='SegTTAModel')
tta_pipeline = [
    dict(backend_args=None, type='LoadImageFromFile'),
    dict(
        transforms=[
            [
                dict(keep_ratio=True, scale_factor=0.5, type='Resize'),
                dict(keep_ratio=True, scale_factor=0.75, type='Resize'),
                dict(keep_ratio=True, scale_factor=1.0, type='Resize'),
                dict(keep_ratio=True, scale_factor=1.25, type='Resize'),
                dict(keep_ratio=True, scale_factor=1.5, type='Resize'),
                dict(keep_ratio=True, scale_factor=1.75, type='Resize'),
            ],
            [
                dict(direction='horizontal', prob=0.0, type='RandomFlip'),
                dict(direction='horizontal', prob=1.0, type='RandomFlip'),
            ],
            [
                dict(type='LoadAnnotations'),
            ],
            [
                dict(type='PackSegInputs'),
            ],
        ],
        type='TestTimeAug'),
]
val_cfg = dict(type='ValLoop')
val_dataloader = dict(
    batch_size=1,
    dataset=dict(
        data_prefix=dict(
            img_path='images/validation',
            seg_map_path='annotations/validation'),
        data_root='dataset/ADE20K/ADEChallengeData2016',
        pipeline=[
            dict(type='LoadImageFromFile'),
            dict(keep_ratio=True, scale=(
                2048,
                512,
            ), type='Resize'),
            dict(reduce_zero_label=True, type='LoadAnnotations'),
            dict(type='PackSegInputs'),
        ],
        type='ADE20KDataset'),
    num_workers=2,
    persistent_workers=True,
    sampler=dict(shuffle=False, type='DefaultSampler'))
val_evaluator = dict(
    iou_metrics=[
        'mIoU',
    ], type='IoUMetric')
vis_backends = [
    dict(type='LocalVisBackend'),
]
visualizer = dict(
    name='visualizer',
    type='SegLocalVisualizer',
    vis_backends=[
        dict(type='LocalVisBackend'),
    ])
work_dir = './work_dirs/f2hnet_base_inik_upernet_160k_ade20k_512x512'

2026/05/06 14:08:47 - mmengine - INFO - Hooks will be executed in the following order:
before_run:
(VERY_HIGH   ) RuntimeInfoHook                    
(BELOW_NORMAL) LoggerHook                         
 -------------------- 
before_train:
(VERY_HIGH   ) RuntimeInfoHook                    
(NORMAL      ) IterTimerHook                      
(VERY_LOW    ) CheckpointHook                     
 -------------------- 
before_train_epoch:
(VERY_HIGH   ) RuntimeInfoHook                    
(NORMAL      ) IterTimerHook                      
(NORMAL      ) DistSamplerSeedHook                
 -------------------- 
before_train_iter:
(VERY_HIGH   ) RuntimeInfoHook                    
(NORMAL      ) IterTimerHook                      
 -------------------- 
after_train_iter:
(VERY_HIGH   ) RuntimeInfoHook                    
(NORMAL      ) IterTimerHook                      
(BELOW_NORMAL) LoggerHook                         
(LOW         ) ParamSchedulerHook                 
(VERY_LOW    ) CheckpointHook                     
 -------------------- 
after_train_epoch:
(NORMAL      ) IterTimerHook                      
(LOW         ) ParamSchedulerHook                 
(VERY_LOW    ) CheckpointHook                     
 -------------------- 
before_val:
(VERY_HIGH   ) RuntimeInfoHook                    
 -------------------- 
before_val_epoch:
(NORMAL      ) IterTimerHook                      
 -------------------- 
before_val_iter:
(NORMAL      ) IterTimerHook                      
 -------------------- 
after_val_iter:
(NORMAL      ) IterTimerHook                      
(NORMAL      ) SegVisualizationHook               
(BELOW_NORMAL) LoggerHook                         
 -------------------- 
after_val_epoch:
(VERY_HIGH   ) RuntimeInfoHook                    
(NORMAL      ) IterTimerHook                      
(BELOW_NORMAL) LoggerHook                         
(LOW         ) ParamSchedulerHook                 
(VERY_LOW    ) CheckpointHook                     
 -------------------- 
after_val:
(VERY_HIGH   ) RuntimeInfoHook                    
 -------------------- 
after_train:
(VERY_HIGH   ) RuntimeInfoHook                    
(VERY_LOW    ) CheckpointHook                     
 -------------------- 
before_test:
(VERY_HIGH   ) RuntimeInfoHook                    
 -------------------- 
before_test_epoch:
(NORMAL      ) IterTimerHook                      
 -------------------- 
before_test_iter:
(NORMAL      ) IterTimerHook                      
 -------------------- 
after_test_iter:
(NORMAL      ) IterTimerHook                      
(NORMAL      ) SegVisualizationHook               
(BELOW_NORMAL) LoggerHook                         
 -------------------- 
after_test_epoch:
(VERY_HIGH   ) RuntimeInfoHook                    
(NORMAL      ) IterTimerHook                      
(BELOW_NORMAL) LoggerHook                         
 -------------------- 
after_test:
(VERY_HIGH   ) RuntimeInfoHook                    
 -------------------- 
after_run:
(BELOW_NORMAL) LoggerHook                         
 -------------------- 
2026/05/06 14:08:48 - mmengine - WARNING - The prefix is not set in metric class IoUMetric.
2026/05/06 14:08:51 - mmengine - INFO - Load checkpoint from work_dirs/f2hnet_base_inik_upernet_160k_ade20k_512x512/iter_160000.pth
2026/05/06 14:24:18 - mmengine - INFO - Iter(test) [ 50/500]    eta: 2:19:05  time: 12.2336  data_time: 0.0165  memory: 29639  
2026/05/06 14:36:12 - mmengine - INFO - Iter(test) [100/500]    eta: 1:49:23  time: 7.5488  data_time: 0.0148  memory: 29166  
2026/05/06 14:42:18 - mmengine - INFO - Iter(test) [150/500]    eta: 1:18:04  time: 2.0117  data_time: 0.0155  memory: 28080  
2026/05/06 14:54:07 - mmengine - INFO - Iter(test) [200/500]    eta: 1:07:54  time: 5.6435  data_time: 0.0143  memory: 28627  
2026/05/06 14:59:52 - mmengine - INFO - Iter(test) [250/500]    eta: 0:51:01  time: 7.1319  data_time: 0.0173  memory: 28854  
2026/05/06 15:08:49 - mmengine - INFO - Iter(test) [300/500]    eta: 0:39:59  time: 10.8422  data_time: 0.0236  memory: 29199  
2026/05/06 15:15:15 - mmengine - INFO - Iter(test) [350/500]    eta: 0:28:27  time: 10.5963  data_time: 0.0152  memory: 27949  
2026/05/06 15:22:10 - mmengine - INFO - Iter(test) [400/500]    eta: 0:18:19  time: 3.4043  data_time: 0.0168  memory: 28766  
2026/05/06 15:30:13 - mmengine - INFO - Iter(test) [450/500]    eta: 0:09:02  time: 2.3039  data_time: 0.0148  memory: 28408  
2026/05/06 15:35:55 - mmengine - INFO - Iter(test) [500/500]    eta: 0:00:00  time: 11.0970  data_time: 0.0154  memory: 28649  
2026/05/06 15:41:48 - mmengine - INFO - per class results:
2026/05/06 15:41:48 - mmengine - INFO - 
+---------------------+-------+-------+
|        Class        |  IoU  |  Acc  |
+---------------------+-------+-------+
|         wall        | 78.54 | 89.21 |
|       building      | 82.33 | 92.95 |
|         sky         | 94.55 | 97.65 |
|        floor        | 81.16 | 91.72 |
|         tree        |  75.0 | 88.26 |
|       ceiling       | 84.07 | 91.65 |
|         road        |  84.5 | 90.43 |
|         bed         | 89.48 | 96.14 |
|      windowpane     | 63.78 | 79.42 |
|        grass        | 66.44 | 82.81 |
|       cabinet       | 62.85 | 75.52 |
|       sidewalk      | 67.39 |  83.8 |
|        person       | 82.64 | 93.77 |
|        earth        | 37.89 |  51.1 |
|         door        |  50.9 |  64.1 |
|        table        | 61.84 | 77.92 |
|       mountain      |  61.4 |  75.8 |
|        plant        | 52.13 | 64.68 |
|       curtain       | 76.44 | 87.63 |
|        chair        | 60.42 | 73.59 |
|         car         | 85.67 | 93.28 |
|        water        |  55.4 | 71.74 |
|       painting      | 75.72 | 89.99 |
|         sofa        | 66.81 | 83.89 |
|        shelf        | 45.82 | 64.17 |
|        house        | 36.96 | 46.89 |
|         sea         |  56.4 | 77.69 |
|        mirror       | 67.54 | 73.89 |
|         rug         | 54.82 | 64.11 |
|        field        | 29.96 | 44.37 |
|       armchair      | 45.01 | 60.97 |
|         seat        | 61.13 | 84.69 |
|        fence        | 47.12 |  62.1 |
|         desk        | 49.26 | 69.37 |
|         rock        |  48.2 | 74.01 |
|       wardrobe      | 54.02 |  64.6 |
|         lamp        | 67.76 | 78.59 |
|       bathtub       | 79.94 | 84.15 |
|       railing       | 36.35 | 49.62 |
|       cushion       | 63.27 | 75.76 |
|         base        | 35.02 | 44.11 |
|         box         | 27.89 | 34.27 |
|        column       | 47.86 | 57.81 |
|      signboard      | 39.68 | 52.21 |
|   chest of drawers  | 37.57 | 53.01 |
|       counter       | 23.87 | 30.89 |
|         sand        | 45.39 | 69.33 |
|         sink        | 76.97 |  81.7 |
|      skyscraper     | 47.16 | 58.59 |
|      fireplace      |  75.3 | 89.34 |
|     refrigerator    | 78.11 | 85.49 |
|      grandstand     | 44.88 | 71.92 |
|         path        | 20.34 | 30.69 |
|        stairs       | 35.36 | 41.22 |
|        runway       | 67.19 | 87.35 |
|         case        | 44.92 | 57.83 |
|      pool table     | 93.45 | 97.33 |
|        pillow       | 59.59 | 69.89 |
|     screen door     | 62.66 | 73.27 |
|       stairway      | 37.74 |  44.1 |
|        river        | 12.87 | 22.55 |
|        bridge       | 62.29 | 71.98 |
|       bookcase      | 38.14 | 59.37 |
|        blind        | 45.24 | 50.75 |
|     coffee table    | 58.55 | 83.54 |
|        toilet       | 87.85 | 92.59 |
|        flower       | 42.71 | 60.89 |
|         book        | 49.18 | 67.37 |
|         hill        |  6.34 |  9.2  |
|        bench        | 45.25 | 52.14 |
|      countertop     | 57.23 | 75.94 |
|        stove        | 78.65 | 85.69 |
|         palm        | 53.76 | 76.04 |
|    kitchen island   | 47.84 | 81.35 |
|       computer      | 61.97 | 73.84 |
|     swivel chair    | 45.34 | 60.73 |
|         boat        | 45.13 | 52.39 |
|         bar         | 27.67 | 35.47 |
|    arcade machine   | 61.31 | 64.74 |
|        hovel        |  42.0 | 51.18 |
|         bus         | 89.81 | 96.99 |
|        towel        | 64.69 | 79.73 |
|        light        |  57.1 | 62.81 |
|        truck        | 36.96 | 46.96 |
|        tower        |  7.48 |  9.81 |
|      chandelier     | 71.41 | 86.66 |
|        awning       | 27.63 | 33.14 |
|     streetlight     | 28.19 | 35.23 |
|        booth        |  50.0 | 51.32 |
| television receiver | 70.49 | 78.48 |
|       airplane      | 65.83 | 76.23 |
|      dirt track     | 15.88 | 26.72 |
|       apparel       | 37.75 | 52.42 |
|         pole        | 22.94 | 30.21 |
|         land        |  5.68 |  7.71 |
|      bannister      | 19.62 | 24.37 |
|      escalator      | 34.17 | 37.05 |
|       ottoman       | 56.49 | 68.79 |
|        bottle       | 39.74 | 63.27 |
|        buffet       | 39.83 | 46.72 |
|        poster       | 24.84 | 29.78 |
|        stage        |  23.5 | 35.81 |
|         van         | 45.74 | 59.08 |
|         ship        | 14.59 | 22.46 |
|       fountain      | 22.24 | 22.66 |
|    conveyer belt    | 73.85 | 91.99 |
|        canopy       | 20.33 | 30.26 |
|        washer       | 74.11 | 76.07 |
|      plaything      | 30.27 | 42.39 |
|    swimming pool    | 67.49 | 75.47 |
|        stool        | 47.61 | 62.85 |
|        barrel       | 53.45 | 72.02 |
|        basket       | 36.29 | 43.89 |
|      waterfall      |  63.2 | 73.16 |
|         tent        | 92.28 | 98.42 |
|         bag         | 18.99 | 21.95 |
|       minibike      | 62.86 | 76.03 |
|        cradle       |  82.6 | 96.15 |
|         oven        | 34.55 |  64.5 |
|         ball        |  56.7 | 70.34 |
|         food        | 49.59 | 65.56 |
|         step        | 18.61 | 20.43 |
|         tank        | 48.14 | 57.01 |
|      trade name     | 29.32 | 33.37 |
|      microwave      | 67.64 | 73.91 |
|         pot         | 51.56 | 59.31 |
|        animal       | 62.03 |  63.8 |
|       bicycle       | 59.89 | 81.49 |
|         lake        | 52.56 | 63.63 |
|      dishwasher     | 63.11 | 73.42 |
|        screen       | 65.49 | 84.32 |
|       blanket       | 16.44 | 19.15 |
|      sculpture      | 70.45 | 83.91 |
|         hood        | 67.75 | 71.05 |
|        sconce       | 51.15 | 59.25 |
|         vase        | 48.79 | 61.29 |
|    traffic light    | 39.44 | 55.09 |
|         tray        | 10.81 | 17.11 |
|        ashcan       | 47.27 | 58.24 |
|         fan         |  65.2 | 77.63 |
|         pier        | 59.06 |  81.7 |
|      crt screen     |  1.21 |  3.25 |
|        plate        | 60.54 | 75.63 |
|       monitor       |  8.43 | 11.43 |
|    bulletin board   | 56.88 | 63.25 |
|        shower       |  0.79 |  2.59 |
|       radiator      | 64.68 | 69.57 |
|        glass        | 18.57 | 19.75 |
|        clock        | 40.23 | 47.55 |
|         flag        | 35.73 | 37.62 |
+---------------------+-------+-------+
2026/05/06 15:41:48 - mmengine - INFO - Iter(test) [500/500]    aAcc: 83.6700  mIoU: 50.8600  mAcc: 61.9400  data_time: 0.0159  time: 10.4494
