2026/05/02 06:18:10 - mmengine - INFO - 
------------------------------------------------------------
System environment:
    sys.platform: linux
    Python: 3.8.20 (default, Oct  3 2024, 15:24:27) [GCC 11.2.0]
    CUDA available: True
    MUSA available: False
    numpy_random_seed: 116405362
    GPU 0,1,2,3: Tesla V100-SXM2-32GB
    CUDA_HOME: /usr/local/cuda-12.4
    NVCC: Cuda compilation tools, release 12.4, V12.4.99
    GCC: gcc (Ubuntu 11.4.0-1ubuntu1~22.04) 11.4.0
    PyTorch: 2.1.0+cu121
    PyTorch compiling details: PyTorch built with:
  - GCC 9.3
  - C++ Version: 201703
  - Intel(R) oneAPI Math Kernel Library Version 2022.2-Product Build 20220804 for Intel(R) 64 architecture applications
  - Intel(R) MKL-DNN v3.1.1 (Git Hash 64f6bcbcbab628e96f33a62c3e975f8535a7bde4)
  - OpenMP 201511 (a.k.a. OpenMP 4.5)
  - LAPACK is enabled (usually provided by MKL)
  - NNPACK is enabled
  - CPU capability usage: AVX512
  - CUDA Runtime 12.1
  - NVCC architecture flags: -gencode;arch=compute_50,code=sm_50;-gencode;arch=compute_60,code=sm_60;-gencode;arch=compute_70,code=sm_70;-gencode;arch=compute_75,code=sm_75;-gencode;arch=compute_80,code=sm_80;-gencode;arch=compute_86,code=sm_86;-gencode;arch=compute_90,code=sm_90
  - CuDNN 8.9.2
  - Magma 2.6.1
  - Build settings: BLAS_INFO=mkl, BUILD_TYPE=Release, CUDA_VERSION=12.1, CUDNN_VERSION=8.9.2, CXX_COMPILER=/opt/rh/devtoolset-9/root/usr/bin/c++, CXX_FLAGS= -D_GLIBCXX_USE_CXX11_ABI=0 -fabi-version=11 -fvisibility-inlines-hidden -DUSE_PTHREADPOOL -DNDEBUG -DUSE_KINETO -DLIBKINETO_NOROCTRACER -DUSE_FBGEMM -DUSE_QNNPACK -DUSE_PYTORCH_QNNPACK -DUSE_XNNPACK -DSYMBOLICATE_MOBILE_DEBUG_HANDLE -O2 -fPIC -Wall -Wextra -Werror=return-type -Werror=non-virtual-dtor -Werror=bool-operation -Wnarrowing -Wno-missing-field-initializers -Wno-type-limits -Wno-array-bounds -Wno-unknown-pragmas -Wno-unused-parameter -Wno-unused-function -Wno-unused-result -Wno-strict-overflow -Wno-strict-aliasing -Wno-stringop-overflow -Wno-psabi -Wno-error=pedantic -Wno-error=old-style-cast -Wno-invalid-partial-specialization -Wno-unused-private-field -Wno-aligned-allocation-unavailable -Wno-missing-braces -fdiagnostics-color=always -faligned-new -Wno-unused-but-set-variable -Wno-maybe-uninitialized -fno-math-errno -fno-trapping-math -Werror=format -Werror=cast-function-type -Wno-stringop-overflow, LAPACK_INFO=mkl, PERF_WITH_AVX=1, PERF_WITH_AVX2=1, PERF_WITH_AVX512=1, TORCH_DISABLE_GPU_ASSERTS=ON, TORCH_VERSION=2.1.0, USE_CUDA=ON, USE_CUDNN=ON, USE_EXCEPTION_PTR=1, USE_GFLAGS=OFF, USE_GLOG=OFF, USE_MKL=ON, USE_MKLDNN=ON, USE_MPI=OFF, USE_NCCL=1, USE_NNPACK=ON, USE_OPENMP=ON, USE_ROCM=OFF, 

    TorchVision: 0.16.0+cu121
    OpenCV: 4.13.0
    MMEngine: 0.10.7

Runtime environment:
    cudnn_benchmark: True
    mp_cfg: {'mp_start_method': 'fork', 'opencv_num_threads': 0}
    dist_cfg: {'backend': 'nccl'}
    seed: 116405362
    Distributed launcher: pytorch
    Distributed training: True
    GPU number: 4
------------------------------------------------------------

2026/05/02 06:18:11 - mmengine - INFO - Config:
auto_scale_lr = dict(base_batch_size=16, enable=False)
crop_size = (
    512,
    512,
)
data_preprocessor = dict(
    bgr_to_rgb=True,
    mean=[
        123.675,
        116.28,
        103.53,
    ],
    pad_val=0,
    seg_pad_val=255,
    size=(
        512,
        512,
    ),
    std=[
        58.395,
        57.12,
        57.375,
    ],
    type='SegDataPreProcessor')
data_root = 'dataset/ADE20K/ADEChallengeData2016'
dataset_type = 'ADE20KDataset'
default_hooks = dict(
    checkpoint=dict(by_epoch=False, interval=16000, type='CheckpointHook'),
    logger=dict(interval=50, log_metric_by_epoch=False, type='LoggerHook'),
    param_scheduler=dict(type='ParamSchedulerHook'),
    sampler_seed=dict(type='DistSamplerSeedHook'),
    timer=dict(type='IterTimerHook'),
    visualization=dict(type='SegVisualizationHook'))
default_scope = 'mmseg'
env_cfg = dict(
    cudnn_benchmark=True,
    dist_cfg=dict(backend='nccl'),
    mp_cfg=dict(mp_start_method='fork', opencv_num_threads=0))
img_ratios = [
    0.5,
    0.75,
    1.0,
    1.25,
    1.5,
    1.75,
]
launcher = 'pytorch'
load_from = '/root/seg/segmentation/work_dirs/f2hnet_tiny_inik_upernet_160k_ade20k_512x512/iter_160000.pth'
log_level = 'INFO'
log_processor = dict(by_epoch=False)
model = dict(
    module=dict(
        auxiliary_head=dict(
            align_corners=False,
            channels=256,
            concat_input=False,
            dropout_ratio=0.1,
            in_channels=320,
            in_index=2,
            loss_decode=dict(
                loss_weight=0.4, type='CrossEntropyLoss', use_sigmoid=False),
            norm_cfg=dict(requires_grad=True, type='SyncBN'),
            num_classes=150,
            num_convs=1,
            type='FCNHead'),
        backbone=dict(
            attn_drop=0.0,
            depths=[
                2,
                4,
                12,
                4,
            ],
            dilation=(
                8,
                4,
                1,
                1,
            ),
            dims=[
                64,
                128,
                320,
                512,
            ],
            drop_path_rate=0.2,
            frozen_stages=-1,
            in_dim=3,
            init_cfg=dict(checkpoint='', type='Pretrained'),
            kernel_sizes=(
                3,
                3,
                3,
                3,
            ),
            layer_scale=(
                None,
                None,
                1.0,
                1.0,
            ),
            mlp_drop=0.0,
            mlp_ratio=(
                4,
                4,
                4,
                4,
            ),
            num_heads=(
                2,
                4,
                10,
                16,
            ),
            out_indices=[
                0,
                1,
                2,
                3,
            ],
            patch_size=4,
            pretrained_img_size=224,
            proj_drop=0.0,
            qk_scale=None,
            qkv_bias=True,
            rpe=True,
            seq_size=(
                7,
                7,
                14,
                7,
            ),
            type='F2hNet',
            with_cp=False),
        data_preprocessor=dict(
            bgr_to_rgb=True,
            mean=[
                123.675,
                116.28,
                103.53,
            ],
            pad_val=0,
            seg_pad_val=255,
            size=(
                512,
                512,
            ),
            std=[
                58.395,
                57.12,
                57.375,
            ],
            type='SegDataPreProcessor'),
        decode_head=dict(
            align_corners=False,
            channels=512,
            dropout_ratio=0.1,
            in_channels=[
                64,
                128,
                320,
                512,
            ],
            in_index=[
                0,
                1,
                2,
                3,
            ],
            loss_decode=dict(
                loss_weight=1.0, type='CrossEntropyLoss', use_sigmoid=False),
            norm_cfg=dict(requires_grad=True, type='SyncBN'),
            num_classes=150,
            pool_scales=(
                1,
                2,
                3,
                6,
            ),
            type='UPerHead'),
        test_cfg=dict(mode='whole'),
        train_cfg=dict(),
        type='EncoderDecoder'),
    type='SegTTAModel')
norm_cfg = dict(requires_grad=True, type='SyncBN')
optim_wrapper = dict(
    optimizer=dict(
        betas=(
            0.9,
            0.999,
        ), lr=6e-05, type='AdamW', weight_decay=0.01),
    paramwise_cfg=dict(
        custom_keys=dict(
            norm=dict(decay_mult=0.0),
            relative_position_bias_table=dict(decay_mult=0.0))),
    type='OptimWrapper')
optimizer = dict(lr=0.01, momentum=0.9, type='SGD', weight_decay=0.0005)
param_scheduler = [
    dict(
        begin=0, by_epoch=False, end=1500, start_factor=1e-06,
        type='LinearLR'),
    dict(
        begin=1500,
        by_epoch=False,
        end=160000,
        eta_min=0.0,
        power=1.0,
        type='PolyLR'),
]
resume = False
test_cfg = dict(type='TestLoop')
test_dataloader = dict(
    batch_size=1,
    dataset=dict(
        data_prefix=dict(
            img_path='images/validation',
            seg_map_path='annotations/validation'),
        data_root='dataset/ADE20K/ADEChallengeData2016',
        pipeline=[
            dict(backend_args=None, type='LoadImageFromFile'),
            dict(
                transforms=[
                    [
                        dict(keep_ratio=True, scale_factor=0.5, type='Resize'),
                        dict(
                            keep_ratio=True, scale_factor=0.75, type='Resize'),
                        dict(keep_ratio=True, scale_factor=1.0, type='Resize'),
                        dict(
                            keep_ratio=True, scale_factor=1.25, type='Resize'),
                        dict(keep_ratio=True, scale_factor=1.5, type='Resize'),
                        dict(
                            keep_ratio=True, scale_factor=1.75, type='Resize'),
                    ],
                    [
                        dict(
                            direction='horizontal',
                            prob=0.0,
                            type='RandomFlip'),
                        dict(
                            direction='horizontal',
                            prob=1.0,
                            type='RandomFlip'),
                    ],
                    [
                        dict(type='LoadAnnotations'),
                    ],
                    [
                        dict(type='PackSegInputs'),
                    ],
                ],
                type='TestTimeAug'),
        ],
        type='ADE20KDataset'),
    num_workers=2,
    persistent_workers=True,
    sampler=dict(shuffle=False, type='DefaultSampler'))
test_evaluator = dict(
    iou_metrics=[
        'mIoU',
    ], type='IoUMetric')
test_pipeline = [
    dict(type='LoadImageFromFile'),
    dict(keep_ratio=True, scale=(
        2048,
        512,
    ), type='Resize'),
    dict(reduce_zero_label=True, type='LoadAnnotations'),
    dict(type='PackSegInputs'),
]
train_cfg = dict(
    max_iters=160000, type='IterBasedTrainLoop', val_interval=16000)
train_dataloader = dict(
    batch_size=4,
    dataset=dict(
        data_prefix=dict(
            img_path='images/training', seg_map_path='annotations/training'),
        data_root='dataset/ADE20K/ADEChallengeData2016',
        pipeline=[
            dict(type='LoadImageFromFile'),
            dict(reduce_zero_label=True, type='LoadAnnotations'),
            dict(
                keep_ratio=True,
                ratio_range=(
                    0.5,
                    2.0,
                ),
                scale=(
                    2048,
                    512,
                ),
                type='RandomResize'),
            dict(
                cat_max_ratio=0.75, crop_size=(
                    512,
                    512,
                ), type='RandomCrop'),
            dict(prob=0.5, type='RandomFlip'),
            dict(type='PhotoMetricDistortion'),
            dict(type='PackSegInputs'),
        ],
        type='ADE20KDataset'),
    num_workers=4,
    persistent_workers=True,
    sampler=dict(shuffle=True, type='InfiniteSampler'))
train_pipeline = [
    dict(type='LoadImageFromFile'),
    dict(reduce_zero_label=True, type='LoadAnnotations'),
    dict(
        keep_ratio=True,
        ratio_range=(
            0.5,
            2.0,
        ),
        scale=(
            2048,
            512,
        ),
        type='RandomResize'),
    dict(cat_max_ratio=0.75, crop_size=(
        512,
        512,
    ), type='RandomCrop'),
    dict(prob=0.5, type='RandomFlip'),
    dict(type='PhotoMetricDistortion'),
    dict(type='PackSegInputs'),
]
tta_model = dict(
    module=dict(
        auxiliary_head=dict(
            align_corners=False,
            channels=256,
            concat_input=False,
            dropout_ratio=0.1,
            in_channels=320,
            in_index=2,
            loss_decode=dict(
                loss_weight=0.4, type='CrossEntropyLoss', use_sigmoid=False),
            norm_cfg=dict(requires_grad=True, type='SyncBN'),
            num_classes=150,
            num_convs=1,
            type='FCNHead'),
        backbone=dict(
            attn_drop=0.0,
            depths=[
                2,
                4,
                12,
                4,
            ],
            dilation=(
                8,
                4,
                1,
                1,
            ),
            dims=[
                64,
                128,
                320,
                512,
            ],
            drop_path_rate=0.2,
            frozen_stages=-1,
            in_dim=3,
            init_cfg=dict(checkpoint='', type='Pretrained'),
            kernel_sizes=(
                3,
                3,
                3,
                3,
            ),
            layer_scale=(
                None,
                None,
                1.0,
                1.0,
            ),
            mlp_drop=0.0,
            mlp_ratio=(
                4,
                4,
                4,
                4,
            ),
            num_heads=(
                2,
                4,
                10,
                16,
            ),
            out_indices=[
                0,
                1,
                2,
                3,
            ],
            patch_size=4,
            pretrained_img_size=224,
            proj_drop=0.0,
            qk_scale=None,
            qkv_bias=True,
            rpe=True,
            seq_size=(
                7,
                7,
                14,
                7,
            ),
            type='F2hNet',
            with_cp=False),
        data_preprocessor=dict(
            bgr_to_rgb=True,
            mean=[
                123.675,
                116.28,
                103.53,
            ],
            pad_val=0,
            seg_pad_val=255,
            size=(
                512,
                512,
            ),
            std=[
                58.395,
                57.12,
                57.375,
            ],
            type='SegDataPreProcessor'),
        decode_head=dict(
            align_corners=False,
            channels=512,
            dropout_ratio=0.1,
            in_channels=[
                64,
                128,
                320,
                512,
            ],
            in_index=[
                0,
                1,
                2,
                3,
            ],
            loss_decode=dict(
                loss_weight=1.0, type='CrossEntropyLoss', use_sigmoid=False),
            norm_cfg=dict(requires_grad=True, type='SyncBN'),
            num_classes=150,
            pool_scales=(
                1,
                2,
                3,
                6,
            ),
            type='UPerHead'),
        test_cfg=dict(mode='whole'),
        train_cfg=dict(),
        type='EncoderDecoder'),
    type='SegTTAModel')
tta_pipeline = [
    dict(backend_args=None, type='LoadImageFromFile'),
    dict(
        transforms=[
            [
                dict(keep_ratio=True, scale_factor=0.5, type='Resize'),
                dict(keep_ratio=True, scale_factor=0.75, type='Resize'),
                dict(keep_ratio=True, scale_factor=1.0, type='Resize'),
                dict(keep_ratio=True, scale_factor=1.25, type='Resize'),
                dict(keep_ratio=True, scale_factor=1.5, type='Resize'),
                dict(keep_ratio=True, scale_factor=1.75, type='Resize'),
            ],
            [
                dict(direction='horizontal', prob=0.0, type='RandomFlip'),
                dict(direction='horizontal', prob=1.0, type='RandomFlip'),
            ],
            [
                dict(type='LoadAnnotations'),
            ],
            [
                dict(type='PackSegInputs'),
            ],
        ],
        type='TestTimeAug'),
]
val_cfg = dict(type='ValLoop')
val_dataloader = dict(
    batch_size=1,
    dataset=dict(
        data_prefix=dict(
            img_path='images/validation',
            seg_map_path='annotations/validation'),
        data_root='dataset/ADE20K/ADEChallengeData2016',
        pipeline=[
            dict(type='LoadImageFromFile'),
            dict(keep_ratio=True, scale=(
                2048,
                512,
            ), type='Resize'),
            dict(reduce_zero_label=True, type='LoadAnnotations'),
            dict(type='PackSegInputs'),
        ],
        type='ADE20KDataset'),
    num_workers=2,
    persistent_workers=True,
    sampler=dict(shuffle=False, type='DefaultSampler'))
val_evaluator = dict(
    iou_metrics=[
        'mIoU',
    ], type='IoUMetric')
vis_backends = [
    dict(type='LocalVisBackend'),
]
visualizer = dict(
    name='visualizer',
    type='SegLocalVisualizer',
    vis_backends=[
        dict(type='LocalVisBackend'),
    ])
work_dir = './work_dirs/f2hnet_tiny_inik_upernet_160k_ade20k_512x512'

2026/05/02 06:18:13 - mmengine - INFO - Hooks will be executed in the following order:
before_run:
(VERY_HIGH   ) RuntimeInfoHook                    
(BELOW_NORMAL) LoggerHook                         
 -------------------- 
before_train:
(VERY_HIGH   ) RuntimeInfoHook                    
(NORMAL      ) IterTimerHook                      
(VERY_LOW    ) CheckpointHook                     
 -------------------- 
before_train_epoch:
(VERY_HIGH   ) RuntimeInfoHook                    
(NORMAL      ) IterTimerHook                      
(NORMAL      ) DistSamplerSeedHook                
 -------------------- 
before_train_iter:
(VERY_HIGH   ) RuntimeInfoHook                    
(NORMAL      ) IterTimerHook                      
 -------------------- 
after_train_iter:
(VERY_HIGH   ) RuntimeInfoHook                    
(NORMAL      ) IterTimerHook                      
(BELOW_NORMAL) LoggerHook                         
(LOW         ) ParamSchedulerHook                 
(VERY_LOW    ) CheckpointHook                     
 -------------------- 
after_train_epoch:
(NORMAL      ) IterTimerHook                      
(LOW         ) ParamSchedulerHook                 
(VERY_LOW    ) CheckpointHook                     
 -------------------- 
before_val:
(VERY_HIGH   ) RuntimeInfoHook                    
 -------------------- 
before_val_epoch:
(NORMAL      ) IterTimerHook                      
 -------------------- 
before_val_iter:
(NORMAL      ) IterTimerHook                      
 -------------------- 
after_val_iter:
(NORMAL      ) IterTimerHook                      
(NORMAL      ) SegVisualizationHook               
(BELOW_NORMAL) LoggerHook                         
 -------------------- 
after_val_epoch:
(VERY_HIGH   ) RuntimeInfoHook                    
(NORMAL      ) IterTimerHook                      
(BELOW_NORMAL) LoggerHook                         
(LOW         ) ParamSchedulerHook                 
(VERY_LOW    ) CheckpointHook                     
 -------------------- 
after_val:
(VERY_HIGH   ) RuntimeInfoHook                    
 -------------------- 
after_train:
(VERY_HIGH   ) RuntimeInfoHook                    
(VERY_LOW    ) CheckpointHook                     
 -------------------- 
before_test:
(VERY_HIGH   ) RuntimeInfoHook                    
 -------------------- 
before_test_epoch:
(NORMAL      ) IterTimerHook                      
 -------------------- 
before_test_iter:
(NORMAL      ) IterTimerHook                      
 -------------------- 
after_test_iter:
(NORMAL      ) IterTimerHook                      
(NORMAL      ) SegVisualizationHook               
(BELOW_NORMAL) LoggerHook                         
 -------------------- 
after_test_epoch:
(VERY_HIGH   ) RuntimeInfoHook                    
(NORMAL      ) IterTimerHook                      
(BELOW_NORMAL) LoggerHook                         
 -------------------- 
after_test:
(VERY_HIGH   ) RuntimeInfoHook                    
 -------------------- 
after_run:
(BELOW_NORMAL) LoggerHook                         
 -------------------- 
2026/05/02 06:18:14 - mmengine - WARNING - The prefix is not set in metric class IoUMetric.
2026/05/02 06:18:16 - mmengine - INFO - Load checkpoint from /root/seg/segmentation/work_dirs/f2hnet_tiny_inik_upernet_160k_ade20k_512x512/iter_160000.pth
2026/05/02 06:27:43 - mmengine - INFO - Iter(test) [ 50/500]    eta: 1:24:58  time: 7.4550  data_time: 0.0152  memory: 25066  
2026/05/02 06:34:51 - mmengine - INFO - Iter(test) [100/500]    eta: 1:06:18  time: 4.2188  data_time: 0.0143  memory: 24596  
2026/05/02 06:38:22 - mmengine - INFO - Iter(test) [150/500]    eta: 0:46:54  time: 1.2500  data_time: 0.0162  memory: 23516  
2026/05/02 06:45:27 - mmengine - INFO - Iter(test) [200/500]    eta: 0:40:47  time: 3.2886  data_time: 0.0142  memory: 24062  
2026/05/02 06:48:58 - mmengine - INFO - Iter(test) [250/500]    eta: 0:30:41  time: 4.0710  data_time: 0.0165  memory: 24285  
2026/05/02 06:54:43 - mmengine - INFO - Iter(test) [300/500]    eta: 0:24:18  time: 6.8078  data_time: 0.0224  memory: 31162  
2026/05/02 06:58:32 - mmengine - INFO - Iter(test) [350/500]    eta: 0:17:15  time: 6.5104  data_time: 0.0150  memory: 23384  
2026/05/02 07:02:44 - mmengine - INFO - Iter(test) [400/500]    eta: 0:11:06  time: 2.1213  data_time: 0.0160  memory: 24199  
2026/05/02 07:07:38 - mmengine - INFO - Iter(test) [450/500]    eta: 0:05:29  time: 1.8408  data_time: 0.0160  memory: 23841  
2026/05/02 07:11:08 - mmengine - INFO - Iter(test) [500/500]    eta: 0:00:00  time: 7.4531  data_time: 0.0161  memory: 24083  
2026/05/02 07:13:49 - mmengine - INFO - per class results:
2026/05/02 07:13:49 - mmengine - INFO - 
+---------------------+-------+-------+
|        Class        |  IoU  |  Acc  |
+---------------------+-------+-------+
|         wall        | 77.47 | 89.72 |
|       building      |  81.8 | 92.82 |
|         sky         | 94.44 |  97.6 |
|        floor        | 80.33 | 91.25 |
|         tree        | 74.74 | 88.94 |
|       ceiling       | 83.43 | 91.56 |
|         road        | 83.25 |  91.0 |
|         bed         | 88.65 | 95.86 |
|      windowpane     | 62.74 | 78.11 |
|        grass        | 66.14 | 82.43 |
|       cabinet       | 62.52 | 76.03 |
|       sidewalk      | 64.83 | 79.94 |
|        person       | 81.17 | 93.29 |
|        earth        |  36.3 | 49.33 |
|         door        | 47.33 | 57.07 |
|        table        | 60.44 | 78.22 |
|       mountain      | 61.22 | 76.47 |
|        plant        | 51.97 | 62.95 |
|       curtain       | 70.68 | 84.79 |
|        chair        | 57.75 | 71.78 |
|         car         |  84.4 | 92.47 |
|        water        |  54.0 | 71.34 |
|       painting      | 72.38 | 87.46 |
|         sofa        | 65.68 | 82.99 |
|        shelf        | 45.31 | 63.68 |
|        house        | 39.59 | 49.51 |
|         sea         | 53.54 | 76.05 |
|        mirror       | 64.36 | 68.89 |
|         rug         | 52.95 | 62.38 |
|        field        | 26.19 | 38.72 |
|       armchair      | 40.02 | 56.61 |
|         seat        |  65.3 | 81.82 |
|        fence        | 41.77 | 53.17 |
|         desk        | 51.31 |  70.4 |
|         rock        | 48.77 |  76.0 |
|       wardrobe      | 52.04 | 65.36 |
|         lamp        | 65.36 | 76.07 |
|       bathtub       | 76.82 | 81.91 |
|       railing       | 34.75 | 48.46 |
|       cushion       | 57.77 |  69.9 |
|         base        | 25.27 | 33.46 |
|         box         | 24.55 |  29.7 |
|        column       |  42.6 | 49.82 |
|      signboard      | 37.39 | 48.73 |
|   chest of drawers  | 39.38 | 53.46 |
|       counter       |  29.3 | 36.87 |
|         sand        | 38.74 | 54.81 |
|         sink        | 71.97 | 79.37 |
|      skyscraper     | 51.61 | 63.61 |
|      fireplace      | 72.07 | 85.37 |
|     refrigerator    | 76.87 | 85.09 |
|      grandstand     | 43.17 | 68.28 |
|         path        | 23.24 | 32.54 |
|        stairs       | 30.52 | 36.27 |
|        runway       | 66.44 | 85.06 |
|         case        | 47.71 | 60.97 |
|      pool table     | 93.13 | 96.81 |
|        pillow       | 56.12 | 65.35 |
|     screen door     |  71.0 | 76.01 |
|       stairway      | 29.32 |  34.5 |
|        river        | 16.51 | 26.16 |
|        bridge       | 59.41 | 69.24 |
|       bookcase      |  37.5 | 56.63 |
|        blind        | 36.41 | 39.86 |
|     coffee table    | 57.61 | 76.68 |
|        toilet       | 83.94 | 90.33 |
|        flower       | 46.03 | 60.47 |
|         book        | 47.61 | 68.04 |
|         hill        |  6.67 |  9.24 |
|        bench        | 42.33 | 50.33 |
|      countertop     | 57.61 | 76.18 |
|        stove        | 76.11 | 83.72 |
|         palm        | 53.29 | 74.03 |
|    kitchen island   | 44.59 | 73.01 |
|       computer      |  61.5 | 71.49 |
|     swivel chair    | 46.49 | 60.02 |
|         boat        | 47.09 | 51.68 |
|         bar         | 27.58 | 35.29 |
|    arcade machine   | 64.94 |  68.1 |
|        hovel        | 30.42 | 32.17 |
|         bus         | 87.64 | 95.74 |
|        towel        | 62.48 |  77.3 |
|        light        | 56.63 | 61.59 |
|        truck        | 37.29 | 47.56 |
|        tower        | 31.02 | 38.09 |
|      chandelier     | 67.12 | 82.01 |
|        awning       | 28.57 | 30.89 |
|     streetlight     | 24.93 | 31.57 |
|        booth        | 44.85 | 45.72 |
| television receiver | 70.43 | 83.79 |
|       airplane      | 57.45 | 68.98 |
|      dirt track     | 20.56 | 25.88 |
|       apparel       | 30.34 | 40.34 |
|         pole        | 20.91 | 26.92 |
|         land        |  5.14 |  6.15 |
|      bannister      |  9.62 | 12.74 |
|      escalator      | 30.96 | 38.03 |
|       ottoman       | 47.09 | 56.12 |
|        bottle       | 38.34 | 61.18 |
|        buffet       | 34.22 | 37.98 |
|        poster       | 31.69 | 40.01 |
|        stage        | 21.02 | 28.09 |
|         van         |  44.5 | 55.85 |
|         ship        |  61.5 | 90.95 |
|       fountain      | 20.77 | 21.86 |
|    conveyer belt    | 78.98 | 88.35 |
|        canopy       | 30.82 | 39.35 |
|        washer       | 69.34 |  72.4 |
|      plaything      | 27.15 |  36.3 |
|    swimming pool    | 53.61 | 74.48 |
|        stool        | 40.55 | 51.89 |
|        barrel       |  55.9 | 63.42 |
|        basket       | 31.46 | 45.44 |
|      waterfall      | 57.24 | 64.99 |
|         tent        | 87.89 | 98.64 |
|         bag         | 12.79 | 15.94 |
|       minibike      | 74.06 | 83.72 |
|        cradle       | 71.76 | 88.51 |
|         oven        | 21.87 | 52.62 |
|         ball        | 44.73 | 57.28 |
|         food        | 44.04 | 51.61 |
|         step        |  9.47 | 11.44 |
|         tank        | 55.89 | 58.42 |
|      trade name     | 26.64 | 29.67 |
|      microwave      | 46.52 | 50.42 |
|         pot         | 42.53 |  47.8 |
|        animal       | 61.02 | 62.97 |
|       bicycle       | 55.44 | 74.73 |
|         lake        | 56.25 | 63.59 |
|      dishwasher     | 63.09 | 71.22 |
|        screen       | 62.95 | 74.34 |
|       blanket       |  6.66 |  7.22 |
|      sculpture      | 59.81 | 78.86 |
|         hood        | 58.12 | 61.55 |
|        sconce       | 46.93 |  55.4 |
|         vase        |  41.8 | 53.45 |
|    traffic light    | 33.13 | 46.61 |
|         tray        |  4.1  |  8.13 |
|        ashcan       | 45.36 | 53.35 |
|         fan         | 60.05 | 69.98 |
|         pier        |  45.0 | 78.05 |
|      crt screen     |  1.97 |  6.4  |
|        plate        | 47.19 | 56.94 |
|       monitor       |  8.25 |  9.44 |
|    bulletin board   |  38.2 | 45.93 |
|        shower       |  1.34 |  1.4  |
|       radiator      | 55.29 |  58.0 |
|        glass        | 12.47 | 13.13 |
|        clock        | 37.19 | 45.83 |
|         flag        | 41.44 | 43.77 |
+---------------------+-------+-------+
2026/05/02 07:13:49 - mmengine - INFO - Iter(test) [500/500]    aAcc: 83.0000  mIoU: 48.7000  mAcc: 59.2000  data_time: 0.0157  time: 6.3447
