2026/05/06 13:08:54 - mmengine - INFO - 
------------------------------------------------------------
System environment:
    sys.platform: linux
    Python: 3.8.20 (default, Oct  3 2024, 15:24:27) [GCC 11.2.0]
    CUDA available: True
    MUSA available: False
    numpy_random_seed: 775484136
    GPU 0,1,2,3: Tesla V100-SXM2-32GB
    CUDA_HOME: /usr/local/cuda-12.4
    NVCC: Cuda compilation tools, release 12.4, V12.4.99
    GCC: gcc (Ubuntu 11.4.0-1ubuntu1~22.04) 11.4.0
    PyTorch: 2.1.0+cu121
    PyTorch compiling details: PyTorch built with:
  - GCC 9.3
  - C++ Version: 201703
  - Intel(R) oneAPI Math Kernel Library Version 2022.2-Product Build 20220804 for Intel(R) 64 architecture applications
  - Intel(R) MKL-DNN v3.1.1 (Git Hash 64f6bcbcbab628e96f33a62c3e975f8535a7bde4)
  - OpenMP 201511 (a.k.a. OpenMP 4.5)
  - LAPACK is enabled (usually provided by MKL)
  - NNPACK is enabled
  - CPU capability usage: AVX512
  - CUDA Runtime 12.1
  - NVCC architecture flags: -gencode;arch=compute_50,code=sm_50;-gencode;arch=compute_60,code=sm_60;-gencode;arch=compute_70,code=sm_70;-gencode;arch=compute_75,code=sm_75;-gencode;arch=compute_80,code=sm_80;-gencode;arch=compute_86,code=sm_86;-gencode;arch=compute_90,code=sm_90
  - CuDNN 8.9.2
  - Magma 2.6.1
  - Build settings: BLAS_INFO=mkl, BUILD_TYPE=Release, CUDA_VERSION=12.1, CUDNN_VERSION=8.9.2, CXX_COMPILER=/opt/rh/devtoolset-9/root/usr/bin/c++, CXX_FLAGS= -D_GLIBCXX_USE_CXX11_ABI=0 -fabi-version=11 -fvisibility-inlines-hidden -DUSE_PTHREADPOOL -DNDEBUG -DUSE_KINETO -DLIBKINETO_NOROCTRACER -DUSE_FBGEMM -DUSE_QNNPACK -DUSE_PYTORCH_QNNPACK -DUSE_XNNPACK -DSYMBOLICATE_MOBILE_DEBUG_HANDLE -O2 -fPIC -Wall -Wextra -Werror=return-type -Werror=non-virtual-dtor -Werror=bool-operation -Wnarrowing -Wno-missing-field-initializers -Wno-type-limits -Wno-array-bounds -Wno-unknown-pragmas -Wno-unused-parameter -Wno-unused-function -Wno-unused-result -Wno-strict-overflow -Wno-strict-aliasing -Wno-stringop-overflow -Wno-psabi -Wno-error=pedantic -Wno-error=old-style-cast -Wno-invalid-partial-specialization -Wno-unused-private-field -Wno-aligned-allocation-unavailable -Wno-missing-braces -fdiagnostics-color=always -faligned-new -Wno-unused-but-set-variable -Wno-maybe-uninitialized -fno-math-errno -fno-trapping-math -Werror=format -Werror=cast-function-type -Wno-stringop-overflow, LAPACK_INFO=mkl, PERF_WITH_AVX=1, PERF_WITH_AVX2=1, PERF_WITH_AVX512=1, TORCH_DISABLE_GPU_ASSERTS=ON, TORCH_VERSION=2.1.0, USE_CUDA=ON, USE_CUDNN=ON, USE_EXCEPTION_PTR=1, USE_GFLAGS=OFF, USE_GLOG=OFF, USE_MKL=ON, USE_MKLDNN=ON, USE_MPI=OFF, USE_NCCL=1, USE_NNPACK=ON, USE_OPENMP=ON, USE_ROCM=OFF, 

    TorchVision: 0.16.0+cu121
    OpenCV: 4.13.0
    MMEngine: 0.10.7

Runtime environment:
    cudnn_benchmark: True
    mp_cfg: {'mp_start_method': 'fork', 'opencv_num_threads': 0}
    dist_cfg: {'backend': 'nccl'}
    seed: 775484136
    Distributed launcher: pytorch
    Distributed training: True
    GPU number: 4
------------------------------------------------------------

2026/05/06 13:08:55 - mmengine - INFO - Config:
auto_scale_lr = dict(base_batch_size=16, enable=False)
crop_size = (
    512,
    512,
)
data_preprocessor = dict(
    bgr_to_rgb=True,
    mean=[
        123.675,
        116.28,
        103.53,
    ],
    pad_val=0,
    seg_pad_val=255,
    size=(
        512,
        512,
    ),
    std=[
        58.395,
        57.12,
        57.375,
    ],
    type='SegDataPreProcessor')
data_root = 'dataset/ADE20K/ADEChallengeData2016'
dataset_type = 'ADE20KDataset'
default_hooks = dict(
    checkpoint=dict(by_epoch=False, interval=16000, type='CheckpointHook'),
    logger=dict(interval=50, log_metric_by_epoch=False, type='LoggerHook'),
    param_scheduler=dict(type='ParamSchedulerHook'),
    sampler_seed=dict(type='DistSamplerSeedHook'),
    timer=dict(type='IterTimerHook'),
    visualization=dict(type='SegVisualizationHook'))
default_scope = 'mmseg'
env_cfg = dict(
    cudnn_benchmark=True,
    dist_cfg=dict(backend='nccl'),
    mp_cfg=dict(mp_start_method='fork', opencv_num_threads=0))
img_ratios = [
    0.5,
    0.75,
    1.0,
    1.25,
    1.5,
    1.75,
]
launcher = 'pytorch'
load_from = 'work_dirs/f2hnet_small_inik_upernet_160k_ade20k_512x512/iter_160000.pth'
log_level = 'INFO'
log_processor = dict(by_epoch=False)
model = dict(
    module=dict(
        auxiliary_head=dict(
            align_corners=False,
            channels=256,
            concat_input=False,
            dropout_ratio=0.1,
            in_channels=320,
            in_index=2,
            loss_decode=dict(
                loss_weight=0.4, type='CrossEntropyLoss', use_sigmoid=False),
            norm_cfg=dict(requires_grad=True, type='SyncBN'),
            num_classes=150,
            num_convs=1,
            type='FCNHead'),
        backbone=dict(
            attn_drop=0.0,
            depths=[
                3,
                12,
                24,
                4,
            ],
            dilation=(
                8,
                4,
                1,
                1,
            ),
            dims=[
                64,
                128,
                320,
                512,
            ],
            drop_path_rate=0.4,
            frozen_stages=-1,
            in_dim=3,
            init_cfg=dict(checkpoint='', type='Pretrained'),
            kernel_sizes=(
                3,
                3,
                3,
                3,
            ),
            layer_scale=(
                None,
                None,
                1.0,
                1.0,
            ),
            mlp_drop=0.0,
            mlp_ratio=(
                4,
                4,
                4,
                4,
            ),
            num_heads=(
                2,
                4,
                10,
                16,
            ),
            out_indices=[
                0,
                1,
                2,
                3,
            ],
            patch_size=4,
            pretrained_img_size=224,
            proj_drop=0.0,
            qk_scale=None,
            qkv_bias=True,
            rpe=True,
            seq_size=(
                7,
                7,
                14,
                7,
            ),
            type='F2hNet',
            with_cp=False),
        data_preprocessor=dict(
            bgr_to_rgb=True,
            mean=[
                123.675,
                116.28,
                103.53,
            ],
            pad_val=0,
            seg_pad_val=255,
            size=(
                512,
                512,
            ),
            std=[
                58.395,
                57.12,
                57.375,
            ],
            type='SegDataPreProcessor'),
        decode_head=dict(
            align_corners=False,
            channels=512,
            dropout_ratio=0.1,
            in_channels=[
                64,
                128,
                320,
                512,
            ],
            in_index=[
                0,
                1,
                2,
                3,
            ],
            loss_decode=dict(
                loss_weight=1.0, type='CrossEntropyLoss', use_sigmoid=False),
            norm_cfg=dict(requires_grad=True, type='SyncBN'),
            num_classes=150,
            pool_scales=(
                1,
                2,
                3,
                6,
            ),
            type='UPerHead'),
        test_cfg=dict(mode='whole'),
        train_cfg=dict(),
        type='EncoderDecoder'),
    type='SegTTAModel')
norm_cfg = dict(requires_grad=True, type='SyncBN')
optim_wrapper = dict(
    optimizer=dict(
        betas=(
            0.9,
            0.999,
        ), lr=6e-05, type='AdamW', weight_decay=0.01),
    paramwise_cfg=dict(
        custom_keys=dict(
            norm=dict(decay_mult=0.0),
            relative_position_bias_table=dict(decay_mult=0.0))),
    type='OptimWrapper')
optimizer = dict(lr=0.01, momentum=0.9, type='SGD', weight_decay=0.0005)
param_scheduler = [
    dict(
        begin=0, by_epoch=False, end=1500, start_factor=1e-06,
        type='LinearLR'),
    dict(
        begin=1500,
        by_epoch=False,
        end=160000,
        eta_min=0.0,
        power=1.0,
        type='PolyLR'),
]
resume = False
test_cfg = dict(type='TestLoop')
test_dataloader = dict(
    batch_size=1,
    dataset=dict(
        data_prefix=dict(
            img_path='images/validation',
            seg_map_path='annotations/validation'),
        data_root='dataset/ADE20K/ADEChallengeData2016',
        pipeline=[
            dict(backend_args=None, type='LoadImageFromFile'),
            dict(
                transforms=[
                    [
                        dict(keep_ratio=True, scale_factor=0.5, type='Resize'),
                        dict(
                            keep_ratio=True, scale_factor=0.75, type='Resize'),
                        dict(keep_ratio=True, scale_factor=1.0, type='Resize'),
                        dict(
                            keep_ratio=True, scale_factor=1.25, type='Resize'),
                        dict(keep_ratio=True, scale_factor=1.5, type='Resize'),
                        dict(
                            keep_ratio=True, scale_factor=1.75, type='Resize'),
                    ],
                    [
                        dict(
                            direction='horizontal',
                            prob=0.0,
                            type='RandomFlip'),
                        dict(
                            direction='horizontal',
                            prob=1.0,
                            type='RandomFlip'),
                    ],
                    [
                        dict(type='LoadAnnotations'),
                    ],
                    [
                        dict(type='PackSegInputs'),
                    ],
                ],
                type='TestTimeAug'),
        ],
        type='ADE20KDataset'),
    num_workers=2,
    persistent_workers=True,
    sampler=dict(shuffle=False, type='DefaultSampler'))
test_evaluator = dict(
    iou_metrics=[
        'mIoU',
    ], type='IoUMetric')
test_pipeline = [
    dict(type='LoadImageFromFile'),
    dict(keep_ratio=True, scale=(
        2048,
        512,
    ), type='Resize'),
    dict(reduce_zero_label=True, type='LoadAnnotations'),
    dict(type='PackSegInputs'),
]
train_cfg = dict(
    max_iters=160000, type='IterBasedTrainLoop', val_interval=16000)
train_dataloader = dict(
    batch_size=4,
    dataset=dict(
        data_prefix=dict(
            img_path='images/training', seg_map_path='annotations/training'),
        data_root='dataset/ADE20K/ADEChallengeData2016',
        pipeline=[
            dict(type='LoadImageFromFile'),
            dict(reduce_zero_label=True, type='LoadAnnotations'),
            dict(
                keep_ratio=True,
                ratio_range=(
                    0.5,
                    2.0,
                ),
                scale=(
                    2048,
                    512,
                ),
                type='RandomResize'),
            dict(
                cat_max_ratio=0.75, crop_size=(
                    512,
                    512,
                ), type='RandomCrop'),
            dict(prob=0.5, type='RandomFlip'),
            dict(type='PhotoMetricDistortion'),
            dict(type='PackSegInputs'),
        ],
        type='ADE20KDataset'),
    num_workers=4,
    persistent_workers=True,
    sampler=dict(shuffle=True, type='InfiniteSampler'))
train_pipeline = [
    dict(type='LoadImageFromFile'),
    dict(reduce_zero_label=True, type='LoadAnnotations'),
    dict(
        keep_ratio=True,
        ratio_range=(
            0.5,
            2.0,
        ),
        scale=(
            2048,
            512,
        ),
        type='RandomResize'),
    dict(cat_max_ratio=0.75, crop_size=(
        512,
        512,
    ), type='RandomCrop'),
    dict(prob=0.5, type='RandomFlip'),
    dict(type='PhotoMetricDistortion'),
    dict(type='PackSegInputs'),
]
tta_model = dict(
    module=dict(
        auxiliary_head=dict(
            align_corners=False,
            channels=256,
            concat_input=False,
            dropout_ratio=0.1,
            in_channels=320,
            in_index=2,
            loss_decode=dict(
                loss_weight=0.4, type='CrossEntropyLoss', use_sigmoid=False),
            norm_cfg=dict(requires_grad=True, type='SyncBN'),
            num_classes=150,
            num_convs=1,
            type='FCNHead'),
        backbone=dict(
            attn_drop=0.0,
            depths=[
                3,
                12,
                24,
                4,
            ],
            dilation=(
                8,
                4,
                1,
                1,
            ),
            dims=[
                64,
                128,
                320,
                512,
            ],
            drop_path_rate=0.4,
            frozen_stages=-1,
            in_dim=3,
            init_cfg=dict(checkpoint='', type='Pretrained'),
            kernel_sizes=(
                3,
                3,
                3,
                3,
            ),
            layer_scale=(
                None,
                None,
                1.0,
                1.0,
            ),
            mlp_drop=0.0,
            mlp_ratio=(
                4,
                4,
                4,
                4,
            ),
            num_heads=(
                2,
                4,
                10,
                16,
            ),
            out_indices=[
                0,
                1,
                2,
                3,
            ],
            patch_size=4,
            pretrained_img_size=224,
            proj_drop=0.0,
            qk_scale=None,
            qkv_bias=True,
            rpe=True,
            seq_size=(
                7,
                7,
                14,
                7,
            ),
            type='F2hNet',
            with_cp=False),
        data_preprocessor=dict(
            bgr_to_rgb=True,
            mean=[
                123.675,
                116.28,
                103.53,
            ],
            pad_val=0,
            seg_pad_val=255,
            size=(
                512,
                512,
            ),
            std=[
                58.395,
                57.12,
                57.375,
            ],
            type='SegDataPreProcessor'),
        decode_head=dict(
            align_corners=False,
            channels=512,
            dropout_ratio=0.1,
            in_channels=[
                64,
                128,
                320,
                512,
            ],
            in_index=[
                0,
                1,
                2,
                3,
            ],
            loss_decode=dict(
                loss_weight=1.0, type='CrossEntropyLoss', use_sigmoid=False),
            norm_cfg=dict(requires_grad=True, type='SyncBN'),
            num_classes=150,
            pool_scales=(
                1,
                2,
                3,
                6,
            ),
            type='UPerHead'),
        test_cfg=dict(mode='whole'),
        train_cfg=dict(),
        type='EncoderDecoder'),
    type='SegTTAModel')
tta_pipeline = [
    dict(backend_args=None, type='LoadImageFromFile'),
    dict(
        transforms=[
            [
                dict(keep_ratio=True, scale_factor=0.5, type='Resize'),
                dict(keep_ratio=True, scale_factor=0.75, type='Resize'),
                dict(keep_ratio=True, scale_factor=1.0, type='Resize'),
                dict(keep_ratio=True, scale_factor=1.25, type='Resize'),
                dict(keep_ratio=True, scale_factor=1.5, type='Resize'),
                dict(keep_ratio=True, scale_factor=1.75, type='Resize'),
            ],
            [
                dict(direction='horizontal', prob=0.0, type='RandomFlip'),
                dict(direction='horizontal', prob=1.0, type='RandomFlip'),
            ],
            [
                dict(type='LoadAnnotations'),
            ],
            [
                dict(type='PackSegInputs'),
            ],
        ],
        type='TestTimeAug'),
]
val_cfg = dict(type='ValLoop')
val_dataloader = dict(
    batch_size=1,
    dataset=dict(
        data_prefix=dict(
            img_path='images/validation',
            seg_map_path='annotations/validation'),
        data_root='dataset/ADE20K/ADEChallengeData2016',
        pipeline=[
            dict(type='LoadImageFromFile'),
            dict(keep_ratio=True, scale=(
                2048,
                512,
            ), type='Resize'),
            dict(reduce_zero_label=True, type='LoadAnnotations'),
            dict(type='PackSegInputs'),
        ],
        type='ADE20KDataset'),
    num_workers=2,
    persistent_workers=True,
    sampler=dict(shuffle=False, type='DefaultSampler'))
val_evaluator = dict(
    iou_metrics=[
        'mIoU',
    ], type='IoUMetric')
vis_backends = [
    dict(type='LocalVisBackend'),
]
visualizer = dict(
    name='visualizer',
    type='SegLocalVisualizer',
    vis_backends=[
        dict(type='LocalVisBackend'),
    ])
work_dir = './work_dirs/f2hnet_small_inik_upernet_160k_ade20k_512x512'

2026/05/06 13:08:58 - mmengine - INFO - Hooks will be executed in the following order:
before_run:
(VERY_HIGH   ) RuntimeInfoHook                    
(BELOW_NORMAL) LoggerHook                         
 -------------------- 
before_train:
(VERY_HIGH   ) RuntimeInfoHook                    
(NORMAL      ) IterTimerHook                      
(VERY_LOW    ) CheckpointHook                     
 -------------------- 
before_train_epoch:
(VERY_HIGH   ) RuntimeInfoHook                    
(NORMAL      ) IterTimerHook                      
(NORMAL      ) DistSamplerSeedHook                
 -------------------- 
before_train_iter:
(VERY_HIGH   ) RuntimeInfoHook                    
(NORMAL      ) IterTimerHook                      
 -------------------- 
after_train_iter:
(VERY_HIGH   ) RuntimeInfoHook                    
(NORMAL      ) IterTimerHook                      
(BELOW_NORMAL) LoggerHook                         
(LOW         ) ParamSchedulerHook                 
(VERY_LOW    ) CheckpointHook                     
 -------------------- 
after_train_epoch:
(NORMAL      ) IterTimerHook                      
(LOW         ) ParamSchedulerHook                 
(VERY_LOW    ) CheckpointHook                     
 -------------------- 
before_val:
(VERY_HIGH   ) RuntimeInfoHook                    
 -------------------- 
before_val_epoch:
(NORMAL      ) IterTimerHook                      
 -------------------- 
before_val_iter:
(NORMAL      ) IterTimerHook                      
 -------------------- 
after_val_iter:
(NORMAL      ) IterTimerHook                      
(NORMAL      ) SegVisualizationHook               
(BELOW_NORMAL) LoggerHook                         
 -------------------- 
after_val_epoch:
(VERY_HIGH   ) RuntimeInfoHook                    
(NORMAL      ) IterTimerHook                      
(BELOW_NORMAL) LoggerHook                         
(LOW         ) ParamSchedulerHook                 
(VERY_LOW    ) CheckpointHook                     
 -------------------- 
after_val:
(VERY_HIGH   ) RuntimeInfoHook                    
 -------------------- 
after_train:
(VERY_HIGH   ) RuntimeInfoHook                    
(VERY_LOW    ) CheckpointHook                     
 -------------------- 
before_test:
(VERY_HIGH   ) RuntimeInfoHook                    
 -------------------- 
before_test_epoch:
(NORMAL      ) IterTimerHook                      
 -------------------- 
before_test_iter:
(NORMAL      ) IterTimerHook                      
 -------------------- 
after_test_iter:
(NORMAL      ) IterTimerHook                      
(NORMAL      ) SegVisualizationHook               
(BELOW_NORMAL) LoggerHook                         
 -------------------- 
after_test_epoch:
(VERY_HIGH   ) RuntimeInfoHook                    
(NORMAL      ) IterTimerHook                      
(BELOW_NORMAL) LoggerHook                         
 -------------------- 
after_test:
(VERY_HIGH   ) RuntimeInfoHook                    
 -------------------- 
after_run:
(BELOW_NORMAL) LoggerHook                         
 -------------------- 
2026/05/06 13:08:59 - mmengine - WARNING - The prefix is not set in metric class IoUMetric.
2026/05/06 13:09:01 - mmengine - INFO - Load checkpoint from work_dirs/f2hnet_small_inik_upernet_160k_ade20k_512x512/iter_160000.pth
2026/05/06 13:18:52 - mmengine - INFO - Iter(test) [ 50/500]    eta: 1:28:36  time: 7.5647  data_time: 0.0152  memory: 25185  
2026/05/06 13:26:23 - mmengine - INFO - Iter(test) [100/500]    eta: 1:09:29  time: 4.6503  data_time: 0.0141  memory: 24716  
2026/05/06 13:30:24 - mmengine - INFO - Iter(test) [150/500]    eta: 0:49:53  time: 1.9318  data_time: 0.0159  memory: 23637  
2026/05/06 13:37:34 - mmengine - INFO - Iter(test) [200/500]    eta: 0:42:49  time: 3.5457  data_time: 0.0140  memory: 24181  
2026/05/06 13:41:38 - mmengine - INFO - Iter(test) [250/500]    eta: 0:32:37  time: 4.9322  data_time: 0.0171  memory: 24406  
2026/05/06 13:47:46 - mmengine - INFO - Iter(test) [300/500]    eta: 0:25:49  time: 7.4474  data_time: 0.0229  memory: 27983  
2026/05/06 13:52:07 - mmengine - INFO - Iter(test) [350/500]    eta: 0:18:28  time: 7.1268  data_time: 0.0156  memory: 23504  
2026/05/06 13:56:50 - mmengine - INFO - Iter(test) [400/500]    eta: 0:11:57  time: 3.2359  data_time: 0.0172  memory: 24319  
2026/05/06 14:02:05 - mmengine - INFO - Iter(test) [450/500]    eta: 0:05:53  time: 2.3388  data_time: 0.0153  memory: 23961  
2026/05/06 14:06:00 - mmengine - INFO - Iter(test) [500/500]    eta: 0:00:00  time: 7.3603  data_time: 0.0153  memory: 24203  
2026/05/06 14:08:08 - mmengine - INFO - per class results:
2026/05/06 14:08:08 - mmengine - INFO - 
+---------------------+-------+-------+
|        Class        |  IoU  |  Acc  |
+---------------------+-------+-------+
|         wall        | 78.55 | 89.62 |
|       building      | 82.43 | 92.71 |
|         sky         | 94.47 |  97.4 |
|        floor        | 81.53 | 91.33 |
|         tree        | 75.46 | 88.71 |
|       ceiling       | 84.22 | 91.51 |
|         road        | 84.18 | 90.79 |
|         bed         | 89.34 | 96.34 |
|      windowpane     | 63.89 | 79.43 |
|        grass        | 67.64 | 82.47 |
|       cabinet       | 62.88 | 75.94 |
|       sidewalk      | 68.17 | 83.68 |
|        person       | 81.72 | 94.09 |
|        earth        | 37.68 | 51.37 |
|         door        | 49.52 |  62.4 |
|        table        | 63.39 |  78.6 |
|       mountain      |  61.1 | 77.31 |
|        plant        | 53.71 | 65.82 |
|       curtain       | 76.26 | 87.46 |
|        chair        | 60.59 | 73.66 |
|         car         | 85.64 | 93.33 |
|        water        | 53.13 | 69.56 |
|       painting      | 74.41 | 89.26 |
|         sofa        | 68.17 | 87.39 |
|        shelf        |  45.0 | 63.39 |
|        house        | 39.93 |  49.6 |
|         sea         | 55.12 | 77.94 |
|        mirror       | 65.92 | 71.21 |
|         rug         | 59.04 | 66.87 |
|        field        |  31.1 | 45.54 |
|       armchair      | 43.86 |  58.4 |
|         seat        | 60.13 | 81.61 |
|        fence        | 49.29 | 65.73 |
|         desk        | 50.73 | 70.22 |
|         rock        | 45.21 | 69.59 |
|       wardrobe      | 53.49 | 69.12 |
|         lamp        | 67.44 | 77.71 |
|       bathtub       | 80.34 | 84.66 |
|       railing       | 38.14 | 54.12 |
|       cushion       | 61.74 | 74.02 |
|         base        | 30.63 | 39.43 |
|         box         | 25.13 | 30.55 |
|        column       | 48.57 | 58.19 |
|      signboard      | 38.72 | 50.71 |
|   chest of drawers  | 43.91 |  59.5 |
|       counter       | 30.34 | 39.43 |
|         sand        | 44.27 |  58.8 |
|         sink        | 74.25 | 81.58 |
|      skyscraper     | 53.03 | 66.05 |
|      fireplace      | 76.41 | 89.97 |
|     refrigerator    | 76.72 | 83.12 |
|      grandstand     | 44.48 | 71.06 |
|         path        |  25.8 | 38.08 |
|        stairs       | 29.01 | 34.44 |
|        runway       | 66.54 | 87.95 |
|         case        | 47.14 | 64.69 |
|      pool table     |  92.9 | 96.72 |
|        pillow       | 61.04 | 69.53 |
|     screen door     | 67.73 | 79.37 |
|       stairway      | 26.66 |  35.4 |
|        river        |  14.6 | 26.06 |
|        bridge       |  56.2 |  64.2 |
|       bookcase      | 37.47 | 58.51 |
|        blind        | 35.84 | 40.58 |
|     coffee table    | 61.36 | 85.68 |
|        toilet       | 85.33 | 91.08 |
|        flower       | 42.81 | 60.36 |
|         book        |  47.7 | 65.46 |
|         hill        |  7.79 | 10.82 |
|        bench        | 43.31 | 50.33 |
|      countertop     | 57.63 | 73.97 |
|        stove        | 77.85 | 84.22 |
|         palm        | 53.68 |  74.5 |
|    kitchen island   | 43.03 | 70.77 |
|       computer      | 68.85 | 79.96 |
|     swivel chair    | 49.09 | 66.74 |
|         boat        |  43.9 | 51.82 |
|         bar         |  33.2 | 42.84 |
|    arcade machine   | 75.03 | 80.02 |
|        hovel        | 35.96 | 40.57 |
|         bus         | 89.01 | 96.19 |
|        towel        | 68.17 | 78.26 |
|        light        | 58.94 | 64.41 |
|        truck        | 36.98 | 47.41 |
|        tower        | 16.53 | 20.52 |
|      chandelier     | 69.98 | 85.29 |
|        awning       | 24.91 | 29.64 |
|     streetlight     | 27.28 | 35.04 |
|        booth        | 42.58 | 43.15 |
| television receiver | 68.96 | 78.59 |
|       airplane      | 61.18 |  68.7 |
|      dirt track     |  0.0  |  0.0  |
|       apparel       | 42.71 | 56.74 |
|         pole        | 22.46 | 28.89 |
|         land        |  4.37 |  5.61 |
|      bannister      | 14.43 | 17.48 |
|      escalator      | 40.39 | 44.19 |
|       ottoman       | 52.52 |  65.7 |
|        bottle       | 33.18 | 63.29 |
|        buffet       | 50.06 | 56.85 |
|        poster       | 32.49 | 41.72 |
|        stage        | 17.14 | 27.36 |
|         van         | 43.53 | 56.47 |
|         ship        | 34.98 | 53.02 |
|       fountain      | 34.75 | 36.07 |
|    conveyer belt    | 67.44 | 92.46 |
|        canopy       | 16.88 | 25.34 |
|        washer       | 73.12 | 75.71 |
|      plaything      | 34.18 | 48.01 |
|    swimming pool    | 62.99 | 76.23 |
|        stool        | 46.52 | 58.43 |
|        barrel       | 41.62 | 69.52 |
|        basket       | 33.51 | 41.37 |
|      waterfall      | 67.84 | 75.54 |
|         tent        | 89.89 | 98.09 |
|         bag         | 13.45 |  15.5 |
|       minibike      | 71.06 | 83.93 |
|        cradle       | 80.51 |  93.9 |
|         oven        | 22.07 | 60.62 |
|         ball        | 46.76 | 67.71 |
|         food        | 44.93 | 57.21 |
|         step        | 16.18 | 18.23 |
|         tank        | 50.87 | 56.24 |
|      trade name     | 29.37 | 33.38 |
|      microwave      | 40.11 | 44.38 |
|         pot         | 48.22 | 55.48 |
|        animal       | 59.86 | 62.17 |
|       bicycle       | 57.06 | 80.14 |
|         lake        | 55.86 | 63.71 |
|      dishwasher     | 65.81 | 73.91 |
|        screen       | 67.45 | 87.54 |
|       blanket       | 15.28 | 17.89 |
|      sculpture      | 68.26 | 81.12 |
|         hood        | 63.24 | 66.25 |
|        sconce       | 46.44 |  56.2 |
|         vase        | 46.52 | 58.97 |
|    traffic light    | 38.83 |  56.3 |
|         tray        | 10.55 | 13.95 |
|        ashcan       | 48.28 | 59.93 |
|         fan         |  62.9 | 73.44 |
|         pier        | 38.33 | 47.37 |
|      crt screen     |  3.49 |  9.29 |
|        plate        | 51.41 | 65.63 |
|       monitor       |  10.2 |  12.6 |
|    bulletin board   | 46.24 | 57.63 |
|        shower       |  0.0  |  0.0  |
|       radiator      |  64.3 | 69.94 |
|        glass        | 14.77 | 15.44 |
|        clock        | 37.97 | 44.26 |
|         flag        | 40.91 | 43.61 |
+---------------------+-------+-------+
2026/05/06 14:08:08 - mmengine - INFO - Iter(test) [500/500]    aAcc: 83.7000  mIoU: 50.1200  mAcc: 61.2500  data_time: 0.0163  time: 6.8392
